<?xml version="1.0" encoding="UTF-8"?>
<!-- Generated by org.testng.reporters.JUnitReportReporter -->
<testsuite skipped="0" hostname="DESKTOP-KIR2APT" name="trivago.ChromeConfigureRegister" tests="4" failures="0" timestamp="2020-02-26T19:48:50 IST" time="2.735" errors="0">
  <testcase name="clickonlogin" time="1.620" classname="trivago.ChromeConfigureRegister"/>
  <testcase name="createaccount" time="0.087" classname="trivago.ChromeConfigureRegister"/>
  <testcase name="addcredentials" time="0.170" classname="trivago.ChromeConfigureRegister"/>
  <testcase name="register" time="0.858" classname="trivago.ChromeConfigureRegister"/>
</testsuite> <!-- trivago.ChromeConfigureRegister -->
